[
  {
    "type": "word",
    "value": "var"
  },
  {
    "type": "word",
    "value": "int32"
  },
  {
    "type": "word",
    "value": "a"
  },
  {
    "type": "equal",
    "value": "="
  },
  {
    "type": "word",
    "value": "5"
  },
  {
    "type": "semicolon",
    "value": ";"
  },
  {
    "type": "word",
    "value": "mod"
  },
  {
    "type": "word",
    "value": "a"
  },
  {
    "type": "equal",
    "value": "="
  },
  {
    "type": "word",
    "value": "a"
  },
  {
    "type": "operator",
    "value": "+"
  },
  {
    "type": "word",
    "value": "1"
  },
  {
    "type": "semicolon",
    "value": ";"
  },
  {
    "type": "word",
    "value": "realloc"
  },
  {
    "type": "word",
    "value": "a"
  },
  {
    "type": "word",
    "value": "int64"
  },
  {
    "type": "semicolon",
    "value": ";"
  },
  {
    "type": "word",
    "value": "if"
  },
  {
    "type": "word",
    "value": "a"
  },
  {
    "type": "comparison",
    "value": ">"
  },
  {
    "type": "word",
    "value": "0"
  },
  {
    "type": "word",
    "value": "do"
  },
  {
    "type": "bracket",
    "value": "{"
  },
  {
    "type": "word",
    "value": "return"
  },
  {
    "type": "word",
    "value": "1"
  },
  {
    "type": "semicolon",
    "value": ";"
  },
  {
    "type": "bracket",
    "value": "}"
  },
  {
    "type": "word",
    "value": "else"
  },
  {
    "type": "word",
    "value": "if"
  },
  {
    "type": "bracket",
    "value": "{"
  },
  {
    "type": "word",
    "value": "a"
  },
  {
    "type": "comparison",
    "value": "<"
  },
  {
    "type": "word",
    "value": "0"
  },
  {
    "type": "bracket",
    "value": "}"
  },
  {
    "type": "word",
    "value": "do"
  },
  {
    "type": "bracket",
    "value": "{"
  },
  {
    "type": "word",
    "value": "return"
  },
  {
    "type": "operator",
    "value": "-"
  },
  {
    "type": "word",
    "value": "1"
  },
  {
    "type": "semicolon",
    "value": ";"
  },
  {
    "type": "bracket",
    "value": "}"
  },
  {
    "type": "word",
    "value": "else"
  },
  {
    "type": "word",
    "value": "do"
  },
  {
    "type": "bracket",
    "value": "{"
  },
  {
    "type": "word",
    "value": "return"
  },
  {
    "type": "word",
    "value": "0"
  },
  {
    "type": "semicolon",
    "value": ";"
  },
  {
    "type": "bracket",
    "value": "}"
  },
  {
    "type": "word",
    "value": "var"
  },
  {
    "type": "word",
    "value": "int32"
  },
  {
    "type": "word",
    "value": "i"
  },
  {
    "type": "equal",
    "value": "="
  },
  {
    "type": "word",
    "value": "0"
  },
  {
    "type": "semicolon",
    "value": ";"
  },
  {
    "type": "word",
    "value": "while"
  },
  {
    "type": "word",
    "value": "i"
  },
  {
    "type": "comparison",
    "value": "<"
  },
  {
    "type": "word",
    "value": "10"
  },
  {
    "type": "word",
    "value": "do"
  },
  {
    "type": "bracket",
    "value": "{"
  },
  {
    "type": "word",
    "value": "mod"
  },
  {
    "type": "word",
    "value": "i"
  },
  {
    "type": "equal",
    "value": "="
  },
  {
    "type": "word",
    "value": "i"
  },
  {
    "type": "operator",
    "value": "+"
  },
  {
    "type": "word",
    "value": "1"
  },
  {
    "type": "semicolon",
    "value": ";"
  },
  {
    "type": "word",
    "value": "if"
  },
  {
    "type": "word",
    "value": "i"
  },
  {
    "type": "equals",
    "value": "=="
  },
  {
    "type": "word",
    "value": "5"
  },
  {
    "type": "word",
    "value": "do"
  },
  {
    "type": "bracket",
    "value": "{"
  },
  {
    "type": "word",
    "value": "continue"
  },
  {
    "type": "semicolon",
    "value": ";"
  },
  {
    "type": "bracket",
    "value": "}"
  },
  {
    "type": "word",
    "value": "if"
  },
  {
    "type": "word",
    "value": "i"
  },
  {
    "type": "equals",
    "value": "=="
  },
  {
    "type": "word",
    "value": "8"
  },
  {
    "type": "word",
    "value": "do"
  },
  {
    "type": "bracket",
    "value": "{"
  },
  {
    "type": "word",
    "value": "break"
  },
  {
    "type": "semicolon",
    "value": ";"
  },
  {
    "type": "bracket",
    "value": "}"
  },
  {
    "type": "bracket",
    "value": "}"
  },
  {
    "type": "word",
    "value": "var"
  },
  {
    "type": "squareBracket",
    "value": "["
  },
  {
    "type": "word",
    "value": "14"
  },
  {
    "type": "squareBracket",
    "value": "]"
  },
  {
    "type": "word",
    "value": "char"
  },
  {
    "type": "word",
    "value": "hello"
  },
  {
    "type": "equal",
    "value": "="
  },
  {
    "type": "string",
    "value": "\"Hello, World!\\n\""
  },
  {
    "type": "semicolon",
    "value": ";"
  },
  {
    "type": "word",
    "value": "syscall"
  },
  {
    "type": "word",
    "value": "1"
  },
  {
    "type": "parenthesis",
    "value": "("
  },
  {
    "type": "word",
    "value": "1"
  },
  {
    "type": "comma",
    "value": ","
  },
  {
    "type": "word",
    "value": "hello"
  },
  {
    "type": "comma",
    "value": ","
  },
  {
    "type": "word",
    "value": "14"
  },
  {
    "type": "parenthesis",
    "value": ")"
  },
  {
    "type": "semicolon",
    "value": ";"
  },
  {
    "type": "word",
    "value": "var"
  },
  {
    "type": "word",
    "value": "int32"
  },
  {
    "type": "word",
    "value": "var1"
  },
  {
    "type": "equal",
    "value": "="
  },
  {
    "type": "word",
    "value": "3"
  },
  {
    "type": "operator",
    "value": "*"
  },
  {
    "type": "word",
    "value": "3"
  },
  {
    "type": "operator",
    "value": "+"
  },
  {
    "type": "word",
    "value": "4"
  },
  {
    "type": "operator",
    "value": "-"
  },
  {
    "type": "word",
    "value": "5"
  },
  {
    "type": "operator",
    "value": "*"
  },
  {
    "type": "operator",
    "value": "*"
  },
  {
    "type": "word",
    "value": "2"
  },
  {
    "type": "operator",
    "value": "/"
  },
  {
    "type": "word",
    "value": "2"
  },
  {
    "type": "operator",
    "value": "%"
  },
  {
    "type": "word",
    "value": "4"
  },
  {
    "type": "word",
    "value": "func"
  },
  {
    "type": "word",
    "value": "add"
  },
  {
    "type": "parenthesis",
    "value": "("
  },
  {
    "type": "word",
    "value": "a"
  },
  {
    "type": "word",
    "value": "int32"
  },
  {
    "type": "comma",
    "value": ","
  },
  {
    "type": "word",
    "value": "b"
  },
  {
    "type": "word",
    "value": "int32"
  },
  {
    "type": "parenthesis",
    "value": ")"
  },
  {
    "type": "colon",
    "value": ":"
  },
  {
    "type": "word",
    "value": "int32"
  },
  {
    "type": "bracket",
    "value": "{"
  },
  {
    "type": "word",
    "value": "return"
  },
  {
    "type": "word",
    "value": "a"
  },
  {
    "type": "operator",
    "value": "+"
  },
  {
    "type": "word",
    "value": "b"
  },
  {
    "type": "semicolon",
    "value": ";"
  },
  {
    "type": "bracket",
    "value": "}"
  },
  {
    "type": "semicolon",
    "value": ";"
  }
]